[debug] [2024-09-15T20:36:14.632Z] ----------------------------------------------------------------------
[debug] [2024-09-15T20:36:14.634Z] Command:       C:\Program Files\nodejs\node.exe C:\Users\anjali kashyap\AppData\Roaming\npm\node_modules\firebase-tools\lib\bin\firebase.js init
[debug] [2024-09-15T20:36:14.635Z] CLI Version:   13.15.1
[debug] [2024-09-15T20:36:14.635Z] Platform:      win32
[debug] [2024-09-15T20:36:14.635Z] Node Version:  v20.16.0
[debug] [2024-09-15T20:36:14.635Z] Time:          Mon Sep 16 2024 02:06:14 GMT+0530 (India Standard Time)
[debug] [2024-09-15T20:36:14.635Z] ----------------------------------------------------------------------
[debug] 
[debug] [2024-09-15T20:36:14.641Z] > command requires scopes: ["email","openid","https://www.googleapis.com/auth/cloudplatformprojects.readonly","https://www.googleapis.com/auth/firebase","https://www.googleapis.com/auth/cloud-platform"]
[debug] [2024-09-15T20:36:14.641Z] > authorizing via signed-in user (anjalikashyap9608@gmail.com)
[info] 
     ######## #### ########  ######## ########     ###     ######  ########
     ##        ##  ##     ## ##       ##     ##  ##   ##  ##       ##
     ######    ##  ########  ######   ########  #########  ######  ######
     ##        ##  ##    ##  ##       ##     ## ##     ##       ## ##
     ##       #### ##     ## ######## ########  ##     ##  ######  ########

You're about to initialize a Firebase project in this directory:

  C:\Users\anjali kashyap\OneDrive\Desktop\ReactJavaScript\amazon_clone

[info] 
=== Project Setup
[info] 
[info] First, let's associate this project directory with a Firebase project.
[info] You can create multiple project aliases by running firebase use --add, 
[info] but for now we'll just set up a default project.
[info] 
[debug] [2024-09-15T20:39:16.652Z] >>> [apiv2][query] GET https://firebase.googleapis.com/v1beta1/projects pageSize=100
[debug] [2024-09-15T20:39:17.765Z] <<< [apiv2][status] GET https://firebase.googleapis.com/v1beta1/projects 200
[debug] [2024-09-15T20:39:17.765Z] <<< [apiv2][body] GET https://firebase.googleapis.com/v1beta1/projects [omitted]
[info] i  Using project clone-9e0de (amazon-clone) 
[info] 
=== Hosting Setup
[debug] [2024-09-15T20:39:27.631Z] >>> [apiv2][query] GET https://firebase.googleapis.com/v1beta1/projects/clone-9e0de [none]
[debug] [2024-09-15T20:39:28.155Z] <<< [apiv2][status] GET https://firebase.googleapis.com/v1beta1/projects/clone-9e0de 200
[debug] [2024-09-15T20:39:28.156Z] <<< [apiv2][body] GET https://firebase.googleapis.com/v1beta1/projects/clone-9e0de {"projectId":"clone-9e0de","projectNumber":"1045678379723","displayName":"amazon-clone","name":"projects/clone-9e0de","resources":{"hostingSite":"clone-9e0de"},"state":"ACTIVE","etag":"1_8949758c-52b6-4f81-9403-4b90ecd8cdf8"}
[info] 
[info] Your public directory is the folder (relative to your project directory) that
[info] will contain Hosting assets to be uploaded with firebase deploy. If you
[info] have a build process for your assets, use your build's output directory.
[info] 
[debug] [2024-09-15T20:43:00.301Z] >>> [apiv2][query] GET https://www.gstatic.com/firebasejs/releases.json [none]
[debug] [2024-09-15T20:43:00.654Z] <<< [apiv2][status] GET https://www.gstatic.com/firebasejs/releases.json 200
[debug] [2024-09-15T20:43:00.654Z] <<< [apiv2][body] GET https://www.gstatic.com/firebasejs/releases.json {"current":{"version":"10.13.1","browserURL":"https://www.gstatic.com/firebasejs/10.13.1/firebase.js","packageURL":"https://www.gstatic.com/firebasejs/10.13.1/firebase.tgz"},"live":{"version":"10.13","browserURL":"https://www.gstatic.com/firebasejs/live/10.13/firebase.js","packageURL":"https://www.gstatic.com/firebasejs/live/10.13/firebase.tgz"},"components":{"analytics":"https://www.gstatic.com/firebasejs/10.13.1/firebase-analytics.js","app":"https://www.gstatic.com/firebasejs/10.13.1/firebase-app.js","app-check":"https://www.gstatic.com/firebasejs/10.13.1/firebase-app-check.js","auth":"https://www.gstatic.com/firebasejs/10.13.1/firebase-auth.js","auth/cordova":"https://www.gstatic.com/firebasejs/10.13.1/firebase-auth/cordova.js","auth/web-extension":"https://www.gstatic.com/firebasejs/10.13.1/firebase-auth/web-extension.js","functions":"https://www.gstatic.com/firebasejs/10.13.1/firebase-functions.js","firestore":"https://www.gstatic.com/firebasejs/10.13.1/firebase-firestore.js","firestore/lite":"https://www.gstatic.com/firebasejs/10.13.1/firebase-firestore/lite.js","installations":"https://www.gstatic.com/firebasejs/10.13.1/firebase-installations.js","storage":"https://www.gstatic.com/firebasejs/10.13.1/firebase-storage.js","performance":"https://www.gstatic.com/firebasejs/10.13.1/firebase-performance.js","remote-config":"https://www.gstatic.com/firebasejs/10.13.1/firebase-remote-config.js","messaging":"https://www.gstatic.com/firebasejs/10.13.1/firebase-messaging.js","messaging/sw":"https://www.gstatic.com/firebasejs/10.13.1/firebase-messaging/sw.js","database":"https://www.gstatic.com/firebasejs/10.13.1/firebase-database.js","vertexai-preview":"https://www.gstatic.com/firebasejs/10.13.1/firebase-vertexai-preview.js","firestore.memory":"https://www.gstatic.com/firebasejs/10.13.1/firebase-firestore.memory.js"}}
